<?xml version="1.0" encoding="UTF-8"?>
<!-- Generated by org.testng.reporters.JUnitReportReporter -->
<testsuite skipped="0" hostname="DESKTOP-JJI2R7U" name="com.DataProvider.dataProvider$DataProviderDemo" tests="2" failures="0" timestamp="21 Oct 2017 09:20:14 GMT" time="0.004" errors="0">
  <testcase name="test" time="0.002" classname="com.DataProvider.dataProvider$DataProviderDemo"/>
  <testcase name="test" time="0.002" classname="com.DataProvider.dataProvider$DataProviderDemo"/>
</testsuite> <!-- com.DataProvider.dataProvider$DataProviderDemo -->
