<?xml version="1.0" encoding="UTF-8"?>
<!-- Generated by org.testng.reporters.JUnitReportReporter -->
<testsuite skipped="0" hostname="DESKTOP-JJI2R7U" name="seleniumtest.simpleTstTest" tests="1" failures="0" timestamp="21 Oct 2017 09:20:14 GMT" time="0.001" errors="0">
  <testcase name="Login" time="0.001" classname="seleniumtest.simpleTstTest"/>
</testsuite> <!-- seleniumtest.simpleTstTest -->
