<?xml version="1.0" encoding="UTF-8"?>
<!-- Generated by org.testng.reporters.JUnitReportReporter -->
<testsuite skipped="0" hostname="DESKTOP-JJI2R7U" name="seleniumtest.sample3" tests="1" failures="0" timestamp="09 Oct 2017 10:58:46 GMT" time="0.009" errors="0">
  <testcase name="xyz" time="0.009" classname="seleniumtest.sample3"/>
</testsuite> <!-- seleniumtest.sample3 -->
