<?xml version="1.0" encoding="UTF-8"?>
<!-- Generated by org.testng.reporters.JUnitReportReporter -->
<testsuite skipped="0" hostname="DESKTOP-JJI2R7U" name="seleniumtest.sampleTest2" tests="3" failures="0" timestamp="09 Oct 2017 11:07:56 GMT" time="0.004" errors="0">
  <testcase name="Search" time="0.001" classname="seleniumtest.sampleTest2"/>
  <testcase name="AdvanceSearch" time="0.002" classname="seleniumtest.sampleTest2"/>
  <testcase name="ByProducts" time="0.001" classname="seleniumtest.sampleTest2"/>
</testsuite> <!-- seleniumtest.sampleTest2 -->
