<?xml version="1.0" encoding="UTF-8"?>
<!-- Generated by org.testng.reporters.JUnitReportReporter -->
<testsuite skipped="0" hostname="DESKTOP-JJI2R7U" name="seleniumtest.sampleTest" tests="1" failures="0" timestamp="21 Oct 2017 09:20:14 GMT" time="13.381" errors="0">
  <testcase name="verifyTitle" time="13.381" classname="seleniumtest.sampleTest"/>
</testsuite> <!-- seleniumtest.sampleTest -->
