<?xml version="1.0" encoding="UTF-8"?>
<!-- Generated by org.testng.reporters.JUnitReportReporter -->
<testsuite skipped="0" hostname="DESKTOP-JJI2R7U" name="com.DataProvider.NewTest" tests="1" failures="0" timestamp="16 Oct 2017 07:11:51 GMT" time="0.009" errors="0">
  <testcase name="f" time="0.009" classname="com.DataProvider.NewTest"/>
</testsuite> <!-- com.DataProvider.NewTest -->
