<?xml version="1.0" encoding="UTF-8"?>
<!-- Generated by org.testng.reporters.JUnitReportReporter -->
<testsuite skipped="0" hostname="DESKTOP-JJI2R7U" name="seniumtest.NewTest" tests="1" failures="0" timestamp="09 Oct 2017 10:35:22 GMT" time="0.012" errors="0">
  <testcase name="xyz" time="0.012" classname="seniumtest.NewTest"/>
</testsuite> <!-- seniumtest.NewTest -->
