<?xml version="1.0" encoding="UTF-8"?>
<!-- Generated by org.testng.reporters.JUnitReportReporter -->
<testsuite skipped="0" hostname="DESKTOP-JJI2R7U" name="crossBrowserTesting.verifyTitle1" tests="2" failures="0" timestamp="26 Oct 2017 15:41:08 GMT" time="182.711" errors="0">
  <testcase name="verifypageTitle" time="96.458" classname="crossBrowserTesting.verifyTitle1"/>
  <testcase name="verifypageTitle" time="86.253" classname="crossBrowserTesting.verifyTitle1"/>
</testsuite> <!-- crossBrowserTesting.verifyTitle1 -->
