<?xml version="1.0" encoding="UTF-8"?>
<!-- Generated by org.testng.reporters.JUnitReportReporter -->
<testsuite skipped="0" hostname="DESKTOP-JJI2R7U" name="com.ScreenShot.NewTest" tests="1" failures="0" timestamp="23 Oct 2017 19:46:39 GMT" time="0.008" errors="0">
  <testcase name="ScreenShotTest" time="0.008" classname="com.ScreenShot.NewTest"/>
</testsuite> <!-- com.ScreenShot.NewTest -->
