<?xml version="1.0" encoding="UTF-8"?>
<!-- Generated by org.testng.reporters.JUnitReportReporter -->
<testsuite skipped="0" hostname="DESKTOP-JJI2R7U" name="pomPages.Test2" tests="6" failures="0" timestamp="16 Oct 2017 16:44:05 GMT" time="0.032" errors="0">
  <testcase name="register" time="0.007" classname="pomPages.Test2"/>
  <testcase name="edit" time="0.002" classname="pomPages.Test2"/>
  <testcase name="edit" time="0.005" classname="pomPages.Test2"/>
  <testcase name="edit" time="0.009" classname="pomPages.Test2"/>
  <testcase name="edit" time="0.006" classname="pomPages.Test2"/>
  <testcase name="delete" time="0.003" classname="pomPages.Test2"/>
</testsuite> <!-- pomPages.Test2 -->
