<?xml version="1.0" encoding="UTF-8"?>
<!-- Generated by org.testng.reporters.JUnitReportReporter -->
<testsuite skipped="1" hostname="DESKTOP-JJI2R7U" name="seleniumtest.simpleTst" tests="3" failures="0" timestamp="14 Oct 2017 07:03:24 GMT" time="0.010" errors="0">
  <testcase name="Search" time="0.009" classname="seleniumtest.simpleTst"/>
  <testcase name="Logout" time="0.001" classname="seleniumtest.simpleTst"/>
  <testcase name="Login" classname="seleniumtest.simpleTst">
    <skipped/>
  </testcase> <!-- Login -->
</testsuite> <!-- seleniumtest.simpleTst -->
