<?xml version="1.0" encoding="UTF-8"?>
<!-- Generated by org.testng.reporters.JUnitReportReporter -->
<testsuite skipped="0" hostname="DESKTOP-JJI2R7U" name="seleniumtest.Lab1" tests="1" failures="0" timestamp="21 Oct 2017 09:20:14 GMT" time="0.002" errors="0">
  <testcase name="f" time="0.002" classname="seleniumtest.Lab1"/>
</testsuite> <!-- seleniumtest.Lab1 -->
