<?xml version="1.0" encoding="UTF-8"?>
<!-- Generated by org.testng.reporters.JUnitReportReporter -->
<testsuite skipped="0" hostname="DESKTOP-JJI2R7U" name="pomPages.DemoReporter" tests="4" failures="0" timestamp="16 Oct 2017 17:04:13 GMT" time="0.012" errors="0">
  <testcase name="Login" time="0.008" classname="pomPages.DemoReporter"/>
  <testcase name="Search" time="0.002" classname="pomPages.DemoReporter"/>
  <testcase name="AdvanceSearch" time="0.001" classname="pomPages.DemoReporter"/>
  <testcase name="Logout" time="0.001" classname="pomPages.DemoReporter"/>
</testsuite> <!-- pomPages.DemoReporter -->
