<?xml version="1.0" encoding="UTF-8"?>
<!-- Generated by org.testng.reporters.JUnitReportReporter -->
<testsuite skipped="0" hostname="DESKTOP-JJI2R7U" name="crossBrowserTesting.Loginfacebook" tests="2" failures="0" timestamp="26 Oct 2017 16:36:25 GMT" time="12.642" errors="0">
  <testcase name="Login" time="9.307" classname="crossBrowserTesting.Loginfacebook"/>
  <testcase name="Login" time="3.335" classname="crossBrowserTesting.Loginfacebook"/>
</testsuite> <!-- crossBrowserTesting.Loginfacebook -->
