<?xml version="1.0" encoding="UTF-8"?>
<!-- Generated by org.testng.reporters.JUnitReportReporter -->
<testsuite skipped="0" hostname="DESKTOP-JJI2R7U" name="pomPages.Test1" tests="1" failures="0" timestamp="21 Oct 2017 09:20:14 GMT" time="0.005" errors="0">
  <testcase name="test" time="0.005" classname="pomPages.Test1"/>
</testsuite> <!-- pomPages.Test1 -->
