<?xml version="1.0" encoding="UTF-8"?>
<!-- Generated by org.testng.reporters.JUnitReportReporter -->
<testsuite skipped="0" hostname="DESKTOP-JJI2R7U" name="com.ScreenShot.CaptureScreenShotTest" tests="1" failures="0" timestamp="24 Oct 2017 10:39:36 GMT" time="76.417" errors="0">
  <testcase name="captureScreenShot" time="76.417" classname="com.ScreenShot.CaptureScreenShotTest"/>
</testsuite> <!-- com.ScreenShot.CaptureScreenShotTest -->
