<?xml version="1.0" encoding="UTF-8"?>
<!-- Generated by org.testng.reporters.JUnitReportReporter -->
<testsuite skipped="0" hostname="DESKTOP-JJI2R7U" name="crossBrowserTesting.NewTest" tests="1" failures="0" timestamp="25 Oct 2017 11:36:29 GMT" time="0.011" errors="0">
  <testcase name="f" time="0.011" classname="crossBrowserTesting.NewTest"/>
</testsuite> <!-- crossBrowserTesting.NewTest -->
