<?xml version="1.0" encoding="UTF-8"?>
<!-- Generated by org.testng.reporters.JUnitReportReporter -->
<testsuite skipped="0" hostname="DESKTOP-JJI2R7U" name="seleniumtest.GroupingTest" tests="4" failures="0" timestamp="21 Oct 2017 09:20:14 GMT" time="0.005" errors="0">
  <testcase name="Reacharge" time="0.001" classname="seleniumtest.GroupingTest"/>
  <testcase name="BillPayment" time="0.001" classname="seleniumtest.GroupingTest"/>
  <testcase name="CardPayment" time="0.001" classname="seleniumtest.GroupingTest"/>
  <testcase name="fundTransfer" time="0.002" classname="seleniumtest.GroupingTest"/>
</testsuite> <!-- seleniumtest.GroupingTest -->
