<?xml version="1.0" encoding="UTF-8"?>
<!-- Generated by org.testng.reporters.JUnitReportReporter -->
<testsuite skipped="0" hostname="DESKTOP-JJI2R7U" name="seleniumtest.sampleTest1" tests="3" failures="0" timestamp="21 Oct 2017 09:20:14 GMT" time="0.007" errors="0">
  <testcase name="Search" time="0.002" classname="seleniumtest.sampleTest1"/>
  <testcase name="Logout" time="0.003" classname="seleniumtest.sampleTest1"/>
  <testcase name="Login" time="0.002" classname="seleniumtest.sampleTest1"/>
</testsuite> <!-- seleniumtest.sampleTest1 -->
